

times in msec
 clock   self+sourced   self:  sourced script
 clock   elapsed:              other lines

000.024  000.024: --- NVIM STARTING ---
088.838  088.814: locale set
132.617  043.779: inits 1
139.215  006.598: window checked
139.261  000.046: parsing arguments
143.325  004.064: expanding arguments
143.552  000.227: inits 2
146.307  002.756: init highlight
146.319  000.011: waiting for UI
152.006  005.687: done waiting for UI
152.146  000.140: initialized screen early for UI
167.565  011.947  011.947: sourcing /home/raytracer/.local/share/nvim/site/autoload/plug.vim
312.475  000.173  000.173: sourcing /home/raytracer/.config/nvim/plugged/ultisnips/ftdetect/snippets.vim
313.725  000.076  000.076: sourcing /home/raytracer/.config/nvim/plugged/sxhkd-vim/ftdetect/sxhkd.vim
333.223  019.163  019.163: sourcing /home/raytracer/.config/nvim/plugged/vim-polyglot/ftdetect/polyglot.vim
333.771  000.074  000.074: sourcing /home/raytracer/.config/nvim/plugged/vim-fugitive/ftdetect/fugitive.vim
335.651  073.685  054.198: sourcing /tmp/.mount_nvimofIzoZ/usr/share/nvim/runtime/filetype.vim
339.703  001.980  001.980: sourcing /tmp/.mount_nvimofIzoZ/usr/share/nvim/runtime/ftplugin.vim
344.555  002.642  002.642: sourcing /tmp/.mount_nvimofIzoZ/usr/share/nvim/runtime/indent.vim
353.456  002.161  002.161: sourcing /tmp/.mount_nvimofIzoZ/usr/share/nvim/runtime/syntax/syncolor.vim
354.971  005.553  003.392: sourcing /tmp/.mount_nvimofIzoZ/usr/share/nvim/runtime/syntax/synload.vim
355.206  009.274  003.721: sourcing /tmp/.mount_nvimofIzoZ/usr/share/nvim/runtime/syntax/syntax.vim
355.461  200.117  100.590: sourcing /home/raytracer/.config/nvim/modules/plugins.vim
362.579  003.005  003.005: sourcing /tmp/.mount_nvimofIzoZ/usr/share/nvim/runtime/syntax/nosyntax.vim
366.893  001.156  001.156: sourcing /tmp/.mount_nvimofIzoZ/usr/share/nvim/runtime/syntax/syncolor.vim
367.912  003.804  002.648: sourcing /tmp/.mount_nvimofIzoZ/usr/share/nvim/runtime/syntax/synload.vim
368.130  009.478  002.669: sourcing /tmp/.mount_nvimofIzoZ/usr/share/nvim/runtime/syntax/syntax.vim
379.463  003.339  003.339: sourcing /tmp/.mount_nvimofIzoZ/usr/share/nvim/runtime/autoload/provider/clipboard.vim
395.617  000.179  000.179: sourcing /tmp/.mount_nvimofIzoZ/usr/share/nvim/runtime/filetype.vim
397.755  000.130  000.130: sourcing /tmp/.mount_nvimofIzoZ/usr/share/nvim/runtime/ftplugin.vim
400.038  044.419  031.292: sourcing /home/raytracer/.config/nvim/modules/settings.vim
405.660  005.368  005.368: sourcing /home/raytracer/.config/nvim/modules/plugin_settings.vim
410.208  004.319  004.319: sourcing /home/raytracer/.config/nvim/modules/keybindings.vim
415.153  004.758  004.758: sourcing /home/raytracer/.config/nvim/modules/coc_settings.vim
417.191  001.707  001.707: sourcing /home/raytracer/.config/nvim/modules/fzf_conf.vim
436.765  019.370  019.370: sourcing /home/raytracer/.config/nvim/modules/current_statusline.vim
438.154  001.158  001.158: sourcing /home/raytracer/.config/nvim/modules/vim-startify.vim
442.351  001.338  001.338: sourcing /tmp/.mount_nvimofIzoZ/usr/share/nvim/runtime/syntax/syncolor.vim
454.842  001.429  001.429: sourcing /tmp/.mount_nvimofIzoZ/usr/share/nvim/runtime/syntax/syncolor.vim
460.462  001.179  001.179: sourcing /tmp/.mount_nvimofIzoZ/usr/share/nvim/runtime/syntax/syncolor.vim
465.993  001.873  001.873: sourcing /tmp/.mount_nvimofIzoZ/usr/share/nvim/runtime/syntax/syncolor.vim
495.857  047.266  042.784: sourcing /home/raytracer/.config/nvim/plugged/vim-nightfly-guicolors/colors/nightfly.vim
496.829  058.497  009.892: sourcing /home/raytracer/.config/nvim/modules/color_settings.vim
517.502  362.507  022.795: sourcing /home/raytracer/.config/nvim/init.vim
517.571  002.917: sourcing vimrc file(s)
526.724  000.648  000.648: sourcing /home/raytracer/.config/nvim/plugged/ale/autoload/ale/events.vim
528.196  007.296  006.648: sourcing /home/raytracer/.config/nvim/plugged/ale/plugin/ale.vim
530.593  000.838  000.838: sourcing /home/raytracer/.config/nvim/plugged/coc.nvim/autoload/coc/rpc.vim
536.739  005.725  005.725: sourcing /home/raytracer/.config/nvim/plugged/coc.nvim/autoload/coc/util.vim
539.825  001.428  001.428: sourcing /home/raytracer/.config/nvim/plugged/coc.nvim/autoload/coc/client.vim
571.937  043.266  035.274: sourcing /home/raytracer/.config/nvim/plugged/coc.nvim/plugin/coc.vim
574.771  000.669  000.669: sourcing /home/raytracer/.config/nvim/plugged/ultisnips/autoload/UltiSnips/map_keys.vim
575.520  002.921  002.252: sourcing /home/raytracer/.config/nvim/plugged/ultisnips/plugin/UltiSnips.vim
576.304  000.301  000.301: sourcing /home/raytracer/.config/nvim/plugged/vim-snippets/plugin/vimsnippets.vim
594.163  017.516  017.516: sourcing /home/raytracer/.config/nvim/plugged/emmet-vim/plugin/emmet.vim
596.360  001.559  001.559: sourcing /home/raytracer/.config/nvim/plugged/lexima.vim/plugin/lexima.vim
600.483  003.659  003.659: sourcing /home/raytracer/.config/nvim/plugged/vim-surround/plugin/surround.vim
651.969  049.815  049.815: sourcing /home/raytracer/.config/nvim/plugged/nerdcommenter/plugin/NERD_commenter.vim
661.784  002.340  002.340: sourcing /home/raytracer/.config/nvim/plugged/vim-repeat/autoload/repeat.vim
662.692  010.102  007.762: sourcing /home/raytracer/.config/nvim/plugged/vim-grepper/plugin/grepper.vim
664.965  001.698  001.698: sourcing /home/raytracer/.config/nvim/plugged/vim-lion/plugin/lion.vim
667.298  001.750  001.750: sourcing /home/raytracer/.config/nvim/plugged/vim-signify/plugin/signify.vim
679.266  011.466  011.466: sourcing /home/raytracer/.config/nvim/plugged/vim-fugitive/plugin/fugitive.vim
680.147  000.315  000.315: sourcing /home/raytracer/.config/nvim/plugged/nvim-colorizer.lua/plugin/colorizer.vim
681.218  000.647  000.647: sourcing /home/raytracer/.config/nvim/plugged/vim-visual-star-search/plugin/visual-star-search.vim
682.794  001.061  001.061: sourcing /home/raytracer/.config/nvim/plugged/vim-startify/plugin/startify.vim
685.492  002.244  002.244: sourcing /home/raytracer/.config/nvim/plugged/vim-dirvish/plugin/dirvish.vim
690.651  004.677  004.677: sourcing /home/raytracer/.fzf/plugin/fzf.vim
698.092  006.936  006.936: sourcing /home/raytracer/.config/nvim/plugged/fzf.vim/plugin/fzf.vim
700.840  002.217  002.217: sourcing /home/raytracer/.config/nvim/plugged/vim-tmux-navigator/plugin/tmux_navigator.vim
709.619  003.910  003.910: sourcing /tmp/.mount_nvimofIzoZ/usr/share/nvim/runtime/plugin/gzip.vim
710.277  000.233  000.233: sourcing /tmp/.mount_nvimofIzoZ/usr/share/nvim/runtime/plugin/health.vim
711.651  001.126  001.126: sourcing /tmp/.mount_nvimofIzoZ/usr/share/nvim/runtime/plugin/man.vim
726.575  005.296  005.296: sourcing /tmp/.mount_nvimofIzoZ/usr/share/nvim/runtime/pack/dist/opt/matchit/plugin/matchit.vim
727.425  015.332  010.036: sourcing /tmp/.mount_nvimofIzoZ/usr/share/nvim/runtime/plugin/matchit.vim
729.159  001.441  001.441: sourcing /tmp/.mount_nvimofIzoZ/usr/share/nvim/runtime/plugin/matchparen.vim
734.251  004.754  004.754: sourcing /tmp/.mount_nvimofIzoZ/usr/share/nvim/runtime/plugin/netrwPlugin.vim
739.644  001.765  001.765: sourcing /tmp/.mount_nvimofIzoZ/usr/share/nvim/runtime/autoload/remote/host.vim
743.654  001.412  001.412: sourcing /tmp/.mount_nvimofIzoZ/usr/share/nvim/runtime/autoload/remote/define.vim
744.377  008.373  005.197: sourcing /home/raytracer/.local/share/nvim/rplugin.vim
744.434  009.737  001.364: sourcing /tmp/.mount_nvimofIzoZ/usr/share/nvim/runtime/plugin/rplugin.vim
746.489  001.560  001.560: sourcing /tmp/.mount_nvimofIzoZ/usr/share/nvim/runtime/plugin/shada.vim
747.175  000.374  000.374: sourcing /tmp/.mount_nvimofIzoZ/usr/share/nvim/runtime/plugin/spellfile.vim
749.604  001.836  001.836: sourcing /tmp/.mount_nvimofIzoZ/usr/share/nvim/runtime/plugin/tarPlugin.vim
751.102  001.192  001.192: sourcing /tmp/.mount_nvimofIzoZ/usr/share/nvim/runtime/plugin/tohtml.vim
751.790  000.397  000.397: sourcing /tmp/.mount_nvimofIzoZ/usr/share/nvim/runtime/plugin/tutor.vim
753.950  001.924  001.924: sourcing /tmp/.mount_nvimofIzoZ/usr/share/nvim/runtime/plugin/zipPlugin.vim
754.472  023.639: loading plugins
757.893  003.422: loading packages
759.921  000.999  000.999: sourcing /home/raytracer/.config/nvim/plugged/ultisnips/after/plugin/UltiSnips_after.vim
764.327  003.620  003.620: sourcing /home/raytracer/.config/nvim/plugged/indentLine/after/plugin/indentLine.vim
764.499  001.987: loading after plugins
764.607  000.108: inits 3
818.619  054.012: reading ShaDa
837.481  018.862: opening buffers
838.951  001.470: BufEnter autocommands
838.979  000.027: editing files in windows


times in msec
 clock   self+sourced   self:  sourced script
 clock   elapsed:              other lines

000.027  000.027: --- NVIM STARTING ---
088.982  088.955: locale set
138.846  049.864: inits 1
145.472  006.625: window checked
145.519  000.047: parsing arguments
149.669  004.150: expanding arguments
149.959  000.290: inits 2
152.786  002.827: init highlight
152.812  000.026: waiting for UI
158.035  005.223: done waiting for UI
159.845  001.810: initialized screen early for UI
175.891  012.969  012.969: sourcing /home/raytracer/.local/share/nvim/site/autoload/plug.vim
329.008  000.176  000.176: sourcing /home/raytracer/.config/nvim/plugged/ultisnips/ftdetect/snippets.vim
330.349  000.105  000.105: sourcing /home/raytracer/.config/nvim/plugged/sxhkd-vim/ftdetect/sxhkd.vim
350.888  020.201  020.201: sourcing /home/raytracer/.config/nvim/plugged/vim-polyglot/ftdetect/polyglot.vim
351.407  000.073  000.073: sourcing /home/raytracer/.config/nvim/plugged/vim-fugitive/ftdetect/fugitive.vim
353.396  078.663  058.107: sourcing /tmp/.mount_nvimhhHj0e/usr/share/nvim/runtime/filetype.vim
358.448  001.955  001.955: sourcing /tmp/.mount_nvimhhHj0e/usr/share/nvim/runtime/ftplugin.vim
363.404  002.848  002.848: sourcing /tmp/.mount_nvimhhHj0e/usr/share/nvim/runtime/indent.vim
375.896  002.330  002.330: sourcing /tmp/.mount_nvimhhHj0e/usr/share/nvim/runtime/syntax/syncolor.vim
377.920  009.362  007.031: sourcing /tmp/.mount_nvimhhHj0e/usr/share/nvim/runtime/syntax/synload.vim
378.174  013.231  003.869: sourcing /tmp/.mount_nvimhhHj0e/usr/share/nvim/runtime/syntax/syntax.vim
378.406  215.694  106.029: sourcing /home/raytracer/.config/nvim/modules/plugins.vim
386.165  003.337  003.337: sourcing /tmp/.mount_nvimhhHj0e/usr/share/nvim/runtime/syntax/nosyntax.vim
390.714  001.277  001.277: sourcing /tmp/.mount_nvimhhHj0e/usr/share/nvim/runtime/syntax/syncolor.vim
391.774  003.974  002.697: sourcing /tmp/.mount_nvimhhHj0e/usr/share/nvim/runtime/syntax/synload.vim
392.001  010.136  002.825: sourcing /tmp/.mount_nvimhhHj0e/usr/share/nvim/runtime/syntax/syntax.vim
406.060  003.461  003.461: sourcing /tmp/.mount_nvimhhHj0e/usr/share/nvim/runtime/autoload/provider/clipboard.vim
424.903  000.166  000.166: sourcing /tmp/.mount_nvimhhHj0e/usr/share/nvim/runtime/filetype.vim
426.980  000.104  000.104: sourcing /tmp/.mount_nvimhhHj0e/usr/share/nvim/runtime/ftplugin.vim
428.912  050.335  036.468: sourcing /home/raytracer/.config/nvim/modules/settings.vim
434.291  005.192  005.192: sourcing /home/raytracer/.config/nvim/modules/plugin_settings.vim
438.825  004.303  004.303: sourcing /home/raytracer/.config/nvim/modules/keybindings.vim
443.428  004.332  004.332: sourcing /home/raytracer/.config/nvim/modules/coc_settings.vim
445.551  001.903  001.903: sourcing /home/raytracer/.config/nvim/modules/fzf_conf.vim
447.105  001.299  001.299: sourcing /home/raytracer/.config/nvim/modules/current_statusline.vim
448.446  001.121  001.121: sourcing /home/raytracer/.config/nvim/modules/vim-startify.vim
453.219  001.578  001.578: sourcing /tmp/.mount_nvimhhHj0e/usr/share/nvim/runtime/syntax/syncolor.vim
474.778  001.463  001.463: sourcing /tmp/.mount_nvimhhHj0e/usr/share/nvim/runtime/syntax/syncolor.vim
480.693  001.328  001.328: sourcing /tmp/.mount_nvimhhHj0e/usr/share/nvim/runtime/syntax/syncolor.vim
486.186  001.298  001.298: sourcing /tmp/.mount_nvimhhHj0e/usr/share/nvim/runtime/syntax/syncolor.vim
519.008  056.061  051.972: sourcing /home/raytracer/.config/nvim/plugged/vim-nightfly-guicolors/colors/nightfly.vim
520.038  071.390  013.751: sourcing /home/raytracer/.config/nvim/modules/color_settings.vim
540.481  378.104  022.536: sourcing /home/raytracer/.config/nvim/init.vim
540.545  002.596: sourcing vimrc file(s)
544.748  000.621  000.621: sourcing /home/raytracer/.config/nvim/plugged/coc.nvim/autoload/coc/rpc.vim
550.177  005.121  005.121: sourcing /home/raytracer/.config/nvim/plugged/coc.nvim/autoload/coc/util.vim
552.935  001.334  001.334: sourcing /home/raytracer/.config/nvim/plugged/coc.nvim/autoload/coc/client.vim
584.325  041.215  034.140: sourcing /home/raytracer/.config/nvim/plugged/coc.nvim/plugin/coc.vim
587.355  000.634  000.634: sourcing /home/raytracer/.config/nvim/plugged/ultisnips/autoload/UltiSnips/map_keys.vim
588.038  002.931  002.297: sourcing /home/raytracer/.config/nvim/plugged/ultisnips/plugin/UltiSnips.vim
588.823  000.307  000.307: sourcing /home/raytracer/.config/nvim/plugged/vim-snippets/plugin/vimsnippets.vim
606.607  017.394  017.394: sourcing /home/raytracer/.config/nvim/plugged/emmet-vim/plugin/emmet.vim
608.654  001.428  001.428: sourcing /home/raytracer/.config/nvim/plugged/lexima.vim/plugin/lexima.vim
612.462  003.384  003.384: sourcing /home/raytracer/.config/nvim/plugged/vim-surround/plugin/surround.vim
647.494  033.481  033.481: sourcing /home/raytracer/.config/nvim/plugged/nerdcommenter/plugin/NERD_commenter.vim
656.922  002.206  002.206: sourcing /home/raytracer/.config/nvim/plugged/vim-repeat/autoload/repeat.vim
657.607  009.497  007.292: sourcing /home/raytracer/.config/nvim/plugged/vim-grepper/plugin/grepper.vim
659.682  001.546  001.546: sourcing /home/raytracer/.config/nvim/plugged/vim-lion/plugin/lion.vim
661.641  001.500  001.500: sourcing /home/raytracer/.config/nvim/plugged/vim-signify/plugin/signify.vim
672.878  010.819  010.819: sourcing /home/raytracer/.config/nvim/plugged/vim-fugitive/plugin/fugitive.vim
673.752  000.272  000.272: sourcing /home/raytracer/.config/nvim/plugged/nvim-colorizer.lua/plugin/colorizer.vim
674.678  000.540  000.540: sourcing /home/raytracer/.config/nvim/plugged/vim-visual-star-search/plugin/visual-star-search.vim
676.030  000.916  000.916: sourcing /home/raytracer/.config/nvim/plugged/vim-startify/plugin/startify.vim
678.597  002.073  002.073: sourcing /home/raytracer/.config/nvim/plugged/vim-dirvish/plugin/dirvish.vim
683.596  004.542  004.542: sourcing /home/raytracer/.fzf/plugin/fzf.vim
690.756  006.622  006.622: sourcing /home/raytracer/.config/nvim/plugged/fzf.vim/plugin/fzf.vim
692.844  001.586  001.586: sourcing /home/raytracer/.config/nvim/plugged/vim-tmux-navigator/plugin/tmux_navigator.vim
701.089  003.886  003.886: sourcing /tmp/.mount_nvimhhHj0e/usr/share/nvim/runtime/plugin/gzip.vim
701.652  000.202  000.202: sourcing /tmp/.mount_nvimhhHj0e/usr/share/nvim/runtime/plugin/health.vim
702.855  001.019  001.019: sourcing /tmp/.mount_nvimhhHj0e/usr/share/nvim/runtime/plugin/man.vim
718.279  005.271  005.271: sourcing /tmp/.mount_nvimhhHj0e/usr/share/nvim/runtime/pack/dist/opt/matchit/plugin/matchit.vim
719.144  015.926  010.655: sourcing /tmp/.mount_nvimhhHj0e/usr/share/nvim/runtime/plugin/matchit.vim
720.957  001.580  001.580: sourcing /tmp/.mount_nvimhhHj0e/usr/share/nvim/runtime/plugin/matchparen.vim
725.546  004.240  004.240: sourcing /tmp/.mount_nvimhhHj0e/usr/share/nvim/runtime/plugin/netrwPlugin.vim
730.375  001.541  001.541: sourcing /tmp/.mount_nvimhhHj0e/usr/share/nvim/runtime/autoload/remote/host.vim
734.107  001.383  001.383: sourcing /tmp/.mount_nvimhhHj0e/usr/share/nvim/runtime/autoload/remote/define.vim
734.808  007.727  004.803: sourcing /home/raytracer/.local/share/nvim/rplugin.vim
734.861  008.973  001.246: sourcing /tmp/.mount_nvimhhHj0e/usr/share/nvim/runtime/plugin/rplugin.vim
736.444  001.312  001.312: sourcing /tmp/.mount_nvimhhHj0e/usr/share/nvim/runtime/plugin/shada.vim
737.125  000.375  000.375: sourcing /tmp/.mount_nvimhhHj0e/usr/share/nvim/runtime/plugin/spellfile.vim
739.182  001.840  001.840: sourcing /tmp/.mount_nvimhhHj0e/usr/share/nvim/runtime/plugin/tarPlugin.vim
740.459  000.957  000.957: sourcing /tmp/.mount_nvimhhHj0e/usr/share/nvim/runtime/plugin/tohtml.vim
741.135  000.282  000.282: sourcing /tmp/.mount_nvimhhHj0e/usr/share/nvim/runtime/plugin/tutor.vim
743.210  001.886  001.886: sourcing /tmp/.mount_nvimhhHj0e/usr/share/nvim/runtime/plugin/zipPlugin.vim
743.684  020.608: loading plugins
744.794  001.110: loading packages
746.704  001.001  001.001: sourcing /home/raytracer/.config/nvim/plugged/ultisnips/after/plugin/UltiSnips_after.vim
750.902  003.548  003.548: sourcing /home/raytracer/.config/nvim/plugged/indentLine/after/plugin/indentLine.vim
751.069  001.726: loading after plugins
751.286  000.217: inits 3
803.254  051.968: reading ShaDa
816.265  013.011: opening buffers
817.491  001.226: BufEnter autocommands
817.513  000.022: editing files in windows
